<?xml version="1.0" encoding="UTF-8"?>
<!-- Generated by org.testng.reporters.JUnitXMLReporter -->
<testsuite hostname="GGKU3DELL1099" ignored="3" name="Test" tests="3" failures="0" timestamp="20 Aug 2019 05:58:11 GMT" time="0.044" errors="0">
  <testcase name="TestMethodH" time="0.006" classname="Practice.Framework.TestNGMethodsTestThree"/>
  <testcase name="TestMethodC" time="0.002" classname="Practice.Framework.TestNGMethodsTestTwo"/>
  <testcase name="TestMethodA" time="0.002" classname="Practice.Framework.TestNGMethodsTest"/>
  <testcase name="TestMethodD" time="0.0" classname="Practice.Framework.TestNGMethodsTestTwo">
    <ignored/>
  </testcase> <!-- TestMethodD -->
  <testcase name="TestMethodG" time="0.0" classname="Practice.Framework.TestNGMethodsTestThree">
    <ignored/>
  </testcase> <!-- TestMethodG -->
  <testcase name="TestMethodB" time="0.0" classname="Practice.Framework.TestNGMethodsTest">
    <ignored/>
  </testcase> <!-- TestMethodB -->
</testsuite> <!-- Test -->
