<?xml version="1.0" encoding="UTF-8"?>
<!-- Generated by org.testng.reporters.JUnitXMLReporter -->
<testsuite hostname="GGKU3DELL1099" ignored="0" name="Test2" tests="4" failures="0" timestamp="19 Aug 2019 14:34:22 GMT" time="0.021" errors="0">
  <testcase name="TestMethodC" time="0.001" classname="Practice.Framework.TestNGMethodsTestTwo"/>
  <testcase name="TestMethodD" time="0.001" classname="Practice.Framework.TestNGMethodsTestTwo"/>
  <testcase name="TestMethodA" time="0.002" classname="Practice.Framework.TestNGMethodsTest"/>
  <testcase name="TestMethodB" time="0.002" classname="Practice.Framework.TestNGMethodsTest"/>
</testsuite> <!-- Test2 -->
