<?xml version="1.0" encoding="UTF-8"?>
<!-- Generated by org.testng.reporters.JUnitXMLReporter -->
<testsuite hostname="GGKU3DELL1099" ignored="0" name="Test" tests="8" failures="2" timestamp="27 Aug 2019 10:30:11 GMT" time="0.084" errors="0">
  <testcase name="Test5" time="0.013" classname="com.listeners.TestNGListenersDemo2"/>
  <testcase name="Test6" time="0.004" classname="com.listeners.TestNGListenersDemo2"/>
  <testcase name="Test7" time="0.002" classname="com.listeners.TestNGListenersDemo2">
    <skipped/>
  </testcase> <!-- Test7 -->
  <testcase name="Test8" time="0.004" classname="com.listeners.TestNGListenersDemo2">
    <failure type="java.lang.AssertionError" message="expected [true] but found [false]">
      <![CDATA[java.lang.AssertionError: expected [true] but found [false]
at com.listeners.TestNGListenersDemo2.Test8(TestNGListenersDemo2.java:32)
... Removed 29 stack frames]]>
    </failure>
  </testcase> <!-- Test8 -->
  <testcase name="Test10" time="0.001" classname="com.listeners.TestNGListenersDemo3"/>
  <testcase name="Test11" time="0.001" classname="com.listeners.TestNGListenersDemo3">
    <skipped/>
  </testcase> <!-- Test11 -->
  <testcase name="Test12" time="0.001" classname="com.listeners.TestNGListenersDemo3">
    <failure type="java.lang.AssertionError" message="expected [true] but found [false]">
      <![CDATA[java.lang.AssertionError: expected [true] but found [false]
at com.listeners.TestNGListenersDemo3.Test12(TestNGListenersDemo3.java:32)
... Removed 29 stack frames]]>
    </failure>
  </testcase> <!-- Test12 -->
  <testcase name="Test9" time="0.001" classname="com.listeners.TestNGListenersDemo3"/>
</testsuite> <!-- Test -->
