<?xml version="1.0" encoding="UTF-8"?>
<testng-results skipped="0" failed="0" ignored="0" total="7" passed="7">
  <reporter-output>
  </reporter-output>
  <suite name="SuiteA" duration-ms="22692" started-at="2019-08-20T12:50:11Z" finished-at="2019-08-20T12:50:34Z">
    <groups>
      <group name="regression">
        <method signature="TestNGMethodsTest.TestMethodB()[pri:0, instance:Practice.Framework.TestNGMethodsTest@5762806e]" name="TestMethodB" class="Practice.Framework.TestNGMethodsTest"/>
      </group> <!-- regression -->
      <group name="smoke">
        <method signature="TestNGMethodsTest.TestMethodA()[pri:0, instance:Practice.Framework.TestNGMethodsTest@5762806e]" name="TestMethodA" class="Practice.Framework.TestNGMethodsTest"/>
        <method signature="TestNGMethodsTest.TestMethodB()[pri:0, instance:Practice.Framework.TestNGMethodsTest@5762806e]" name="TestMethodB" class="Practice.Framework.TestNGMethodsTest"/>
      </group> <!-- smoke -->
      <group name="sanity">
        <method signature="TestNGMethodsTest.TestMethodA()[pri:0, instance:Practice.Framework.TestNGMethodsTest@5762806e]" name="TestMethodA" class="Practice.Framework.TestNGMethodsTest"/>
      </group> <!-- sanity -->
    </groups>
    <test name="Test" duration-ms="22561" started-at="2019-08-20T12:50:11Z" finished-at="2019-08-20T12:50:34Z">
      <class name="Practice.Framework.NewTest">
        <test-method status="PASS" signature="SetUp()[pri:0, instance:Practice.Framework.NewTest@4ae3c1cd]" name="SetUp" is-config="true" duration-ms="14176" started-at="2019-08-20T12:50:11Z" finished-at="2019-08-20T12:50:26Z">
          <reporter-output>
          </reporter-output>
        </test-method> <!-- SetUp -->
        <test-method status="PASS" signature="NegativePriority()[pri:-1, instance:Practice.Framework.NewTest@4ae3c1cd]" name="NegativePriority" duration-ms="2" started-at="2019-08-20T12:50:26Z" finished-at="2019-08-20T12:50:26Z">
          <reporter-output>
          </reporter-output>
        </test-method> <!-- NegativePriority -->
        <test-method status="PASS" signature="Practice()[pri:0, instance:Practice.Framework.NewTest@4ae3c1cd]" name="Practice" duration-ms="6779" started-at="2019-08-20T12:50:26Z" finished-at="2019-08-20T12:50:32Z">
          <reporter-output>
          </reporter-output>
        </test-method> <!-- Practice -->
        <test-method status="PASS" signature="DataProviderExample(java.lang.String, java.lang.String)[pri:1, instance:Practice.Framework.NewTest@4ae3c1cd]" name="DataProviderExample" duration-ms="1" started-at="2019-08-20T12:50:32Z" data-provider="SampleTest" finished-at="2019-08-20T12:50:32Z">
          <params>
            <param index="0">
              <value>
                <![CDATA[admin1]]>
              </value>
            </param>
            <param index="1">
              <value>
                <![CDATA[Password1]]>
              </value>
            </param>
          </params>
          <reporter-output>
          </reporter-output>
        </test-method> <!-- DataProviderExample -->
        <test-method status="PASS" signature="DataProviderExample(java.lang.String, java.lang.String)[pri:1, instance:Practice.Framework.NewTest@4ae3c1cd]" name="DataProviderExample" duration-ms="0" started-at="2019-08-20T12:50:32Z" data-provider="SampleTest" finished-at="2019-08-20T12:50:32Z">
          <params>
            <param index="0">
              <value>
                <![CDATA[admin2]]>
              </value>
            </param>
            <param index="1">
              <value>
                <![CDATA[Password2]]>
              </value>
            </param>
          </params>
          <reporter-output>
          </reporter-output>
        </test-method> <!-- DataProviderExample -->
        <test-method status="PASS" signature="DataProviderExample(java.lang.String, java.lang.String)[pri:1, instance:Practice.Framework.NewTest@4ae3c1cd]" name="DataProviderExample" duration-ms="0" started-at="2019-08-20T12:50:32Z" data-provider="SampleTest" finished-at="2019-08-20T12:50:32Z">
          <params>
            <param index="0">
              <value>
                <![CDATA[admin3]]>
              </value>
            </param>
            <param index="1">
              <value>
                <![CDATA[Password3]]>
              </value>
            </param>
          </params>
          <reporter-output>
          </reporter-output>
        </test-method> <!-- DataProviderExample -->
        <test-method status="PASS" signature="TearDown()[pri:0, instance:Practice.Framework.NewTest@4ae3c1cd]" name="TearDown" is-config="true" duration-ms="1536" started-at="2019-08-20T12:50:32Z" finished-at="2019-08-20T12:50:34Z">
          <reporter-output>
          </reporter-output>
        </test-method> <!-- TearDown -->
      </class> <!-- Practice.Framework.NewTest -->
    </test> <!-- Test -->
    <test name="Test2" duration-ms="47" started-at="2019-08-20T12:50:34Z" finished-at="2019-08-20T12:50:34Z">
      <class name="Practice.Framework.TestNGMethodsTest">
        <test-method status="PASS" signature="MethodC()[pri:0, instance:Practice.Framework.TestNGMethodsTest@5762806e]" name="MethodC" is-config="true" duration-ms="11" started-at="2019-08-20T12:50:11Z" finished-at="2019-08-20T12:50:11Z">
          <reporter-output>
          </reporter-output>
        </test-method> <!-- MethodC -->
        <test-method status="PASS" signature="MethodA()[pri:0, instance:Practice.Framework.TestNGMethodsTest@5762806e]" name="MethodA" is-config="true" duration-ms="1" started-at="2019-08-20T12:50:34Z" finished-at="2019-08-20T12:50:34Z">
          <reporter-output>
          </reporter-output>
        </test-method> <!-- MethodA -->
        <test-method status="PASS" signature="MethodE()[pri:0, instance:Practice.Framework.TestNGMethodsTest@5762806e]" name="MethodE" is-config="true" duration-ms="7" started-at="2019-08-20T12:50:34Z" finished-at="2019-08-20T12:50:34Z">
          <reporter-output>
          </reporter-output>
        </test-method> <!-- MethodE -->
        <test-method status="PASS" signature="TestMethodA()[pri:0, instance:Practice.Framework.TestNGMethodsTest@5762806e]" name="TestMethodA" duration-ms="1" started-at="2019-08-20T12:50:34Z" finished-at="2019-08-20T12:50:34Z">
          <reporter-output>
          </reporter-output>
        </test-method> <!-- TestMethodA -->
        <test-method status="PASS" signature="TestMethodB()[pri:0, instance:Practice.Framework.TestNGMethodsTest@5762806e]" name="TestMethodB" duration-ms="1" started-at="2019-08-20T12:50:34Z" finished-at="2019-08-20T12:50:34Z">
          <reporter-output>
          </reporter-output>
        </test-method> <!-- TestMethodB -->
        <test-method status="PASS" signature="MethodF()[pri:0, instance:Practice.Framework.TestNGMethodsTest@5762806e]" name="MethodF" is-config="true" duration-ms="1" started-at="2019-08-20T12:50:34Z" finished-at="2019-08-20T12:50:34Z">
          <reporter-output>
          </reporter-output>
        </test-method> <!-- MethodF -->
        <test-method status="PASS" signature="MethodB()[pri:0, instance:Practice.Framework.TestNGMethodsTest@5762806e]" name="MethodB" is-config="true" duration-ms="0" started-at="2019-08-20T12:50:34Z" finished-at="2019-08-20T12:50:34Z">
          <reporter-output>
          </reporter-output>
        </test-method> <!-- MethodB -->
        <test-method status="PASS" signature="MethodD()[pri:0, instance:Practice.Framework.TestNGMethodsTest@5762806e]" name="MethodD" is-config="true" duration-ms="0" started-at="2019-08-20T12:50:34Z" finished-at="2019-08-20T12:50:34Z">
          <reporter-output>
          </reporter-output>
        </test-method> <!-- MethodD -->
      </class> <!-- Practice.Framework.TestNGMethodsTest -->
    </test> <!-- Test2 -->
  </suite> <!-- SuiteA -->
</testng-results>
