<?xml version="1.0" encoding="UTF-8"?>
<!-- Generated by org.testng.reporters.JUnitXMLReporter -->
<testsuite hostname="GGKU3DELL1099" ignored="0" name="Default test" tests="4" failures="0" timestamp="20 Aug 2019 06:34:18 GMT" time="0.075" errors="0">
  <testcase name="test3" time="0.012" classname="Practice.Framework.DependancyExample"/>
  <testcase name="test4" time="0.004" classname="Practice.Framework.DependancyExample"/>
  <testcase name="test2" time="0.001" classname="Practice.Framework.DependancyExample"/>
  <testcase name="test1" time="0.004" classname="Practice.Framework.DependancyExample"/>
</testsuite> <!-- Default test -->
